{"level":"info","message":"Fetching stock data from API...","timestamp":"2025-01-20T13:43:18.518Z"}
{"level":"info","message":"Updating stock data in Supabase...","timestamp":"2025-01-20T13:43:19.334Z"}
{"level":"info","message":"Successfully updated EXEMB: Price - 372.75, Trend - -0.77","timestamp":"2025-01-20T13:43:20.571Z"}
{"level":"info","message":"Successfully updated EXNXE: Price - 138.8, Trend - -0.5","timestamp":"2025-01-20T13:43:20.820Z"}
{"level":"info","message":"Successfully updated EXMSP: Price - 375.33, Trend - -1.01","timestamp":"2025-01-20T13:43:21.027Z"}
{"level":"info","message":"Successfully updated EXBRK: Price - 294.52, Trend - 1.74","timestamp":"2025-01-20T13:43:21.265Z"}
{"level":"info","message":"Waiting for 1806 seconds before next fetch.","timestamp":"2025-01-20T13:43:21.265Z"}
{"level":"info","message":"Fetching stock data from API...","timestamp":"2025-01-20T13:45:27.141Z"}
{"level":"info","message":"Fetching stock data from API...","timestamp":"2025-01-20T13:45:27.641Z"}
{"level":"info","message":"Updating stock data in Supabase...","timestamp":"2025-01-20T13:45:27.754Z"}
{"level":"info","message":"Updating stock data in Supabase...","timestamp":"2025-01-20T13:45:27.888Z"}
{"level":"info","message":"Fetching stock data from API...","timestamp":"2025-01-20T13:45:28.141Z"}
{"level":"info","message":"Updating stock data in Supabase...","timestamp":"2025-01-20T13:45:28.294Z"}
{"level":"info","message":"Fetching stock data from API...","timestamp":"2025-01-20T13:45:28.640Z"}
{"level":"info","message":"Updating stock data in Supabase...","timestamp":"2025-01-20T13:45:28.736Z"}
{"level":"info","message":"Successfully updated EXEMB: Price - 372.75, Trend - -0.77","timestamp":"2025-01-20T13:45:28.744Z"}
{"level":"info","message":"Successfully updated EXEMB: Price - 372.75, Trend - -0.77","timestamp":"2025-01-20T13:45:28.775Z"}
{"level":"info","message":"Successfully updated EXEMB: Price - 372.75, Trend - -0.77","timestamp":"2025-01-20T13:45:28.825Z"}
{"level":"info","message":"Successfully updated EXEMB: Price - 372.75, Trend - -0.77","timestamp":"2025-01-20T13:45:28.919Z"}
{"level":"info","message":"Successfully updated EXNXE: Price - 138.8, Trend - -0.5","timestamp":"2025-01-20T13:45:28.974Z"}
{"level":"info","message":"Successfully updated EXNXE: Price - 138.8, Trend - -0.5","timestamp":"2025-01-20T13:45:29.007Z"}
{"level":"info","message":"Successfully updated EXNXE: Price - 138.8, Trend - -0.5","timestamp":"2025-01-20T13:45:29.029Z"}
{"level":"info","message":"Successfully updated EXNXE: Price - 138.8, Trend - -0.5","timestamp":"2025-01-20T13:45:29.113Z"}
{"level":"info","message":"Successfully updated EXMSP: Price - 375.33, Trend - -1.01","timestamp":"2025-01-20T13:45:29.138Z"}
{"level":"info","message":"Fetching stock data from API...","timestamp":"2025-01-20T13:45:29.140Z"}
{"level":"info","message":"Successfully updated EXMSP: Price - 375.33, Trend - -1.01","timestamp":"2025-01-20T13:45:29.173Z"}
{"level":"info","message":"Successfully updated EXMSP: Price - 375.33, Trend - -1.01","timestamp":"2025-01-20T13:45:29.195Z"}
{"level":"info","message":"Updating stock data in Supabase...","timestamp":"2025-01-20T13:45:29.226Z"}
{"level":"info","message":"Successfully updated EXMSP: Price - 375.33, Trend - -1.01","timestamp":"2025-01-20T13:45:29.270Z"}
{"level":"info","message":"Successfully updated EXBRK: Price - 294.52, Trend - 1.74","timestamp":"2025-01-20T13:45:29.288Z"}
{"level":"info","message":"Successfully updated EXBRK: Price - 294.52, Trend - 1.74","timestamp":"2025-01-20T13:45:29.329Z"}
{"level":"info","message":"Successfully updated EXBRK: Price - 294.52, Trend - 1.74","timestamp":"2025-01-20T13:45:29.365Z"}
{"level":"info","message":"Waiting for 1820 seconds before next fetch.","timestamp":"2025-01-20T13:45:29.365Z"}
{"level":"info","message":"Successfully updated EXEMB: Price - 372.75, Trend - -0.77","timestamp":"2025-01-20T13:45:29.368Z"}
{"level":"info","message":"Successfully updated EXBRK: Price - 294.52, Trend - 1.74","timestamp":"2025-01-20T13:45:29.406Z"}
{"level":"info","message":"Successfully updated EXNXE: Price - 138.8, Trend - -0.5","timestamp":"2025-01-20T13:45:29.515Z"}
{"level":"info","message":"Fetching stock data from API...","timestamp":"2025-01-20T13:45:29.640Z"}
{"level":"info","message":"Successfully updated EXMSP: Price - 375.33, Trend - -1.01","timestamp":"2025-01-20T13:45:29.663Z"}
{"level":"info","message":"Updating stock data in Supabase...","timestamp":"2025-01-20T13:45:29.727Z"}
{"level":"info","message":"Successfully updated EXBRK: Price - 294.52, Trend - 1.74","timestamp":"2025-01-20T13:45:29.801Z"}
{"level":"info","message":"Successfully updated EXEMB: Price - 372.75, Trend - -0.77","timestamp":"2025-01-20T13:45:29.871Z"}
{"level":"info","message":"Successfully updated EXNXE: Price - 138.8, Trend - -0.5","timestamp":"2025-01-20T13:45:30.073Z"}
{"level":"info","message":"Fetching stock data from API...","timestamp":"2025-01-20T13:45:30.141Z"}
{"level":"info","message":"Successfully updated EXMSP: Price - 375.33, Trend - -1.01","timestamp":"2025-01-20T13:45:30.210Z"}
{"level":"info","message":"Updating stock data in Supabase...","timestamp":"2025-01-20T13:45:30.226Z"}
{"level":"info","message":"Successfully updated EXEMB: Price - 372.75, Trend - -0.77","timestamp":"2025-01-20T13:45:30.354Z"}
{"level":"info","message":"Successfully updated EXBRK: Price - 294.52, Trend - 1.74","timestamp":"2025-01-20T13:45:30.372Z"}
{"level":"info","message":"Successfully updated EXNXE: Price - 138.8, Trend - -0.5","timestamp":"2025-01-20T13:45:30.492Z"}
{"level":"info","message":"Fetching stock data from API...","timestamp":"2025-01-20T13:45:30.641Z"}
{"level":"info","message":"Successfully updated EXMSP: Price - 375.33, Trend - -1.01","timestamp":"2025-01-20T13:45:30.653Z"}
{"level":"info","message":"Successfully updated EXBRK: Price - 294.52, Trend - 1.74","timestamp":"2025-01-20T13:45:30.787Z"}
{"level":"info","message":"Updating stock data in Supabase...","timestamp":"2025-01-20T13:45:30.828Z"}
{"level":"info","message":"Successfully updated EXEMB: Price - 372.75, Trend - -0.77","timestamp":"2025-01-20T13:45:30.964Z"}
{"level":"info","message":"Successfully updated EXNXE: Price - 138.8, Trend - -0.5","timestamp":"2025-01-20T13:45:31.100Z"}
{"level":"info","message":"Fetching stock data from API...","timestamp":"2025-01-20T13:45:31.141Z"}
{"level":"info","message":"Updating stock data in Supabase...","timestamp":"2025-01-20T13:45:31.225Z"}
{"level":"info","message":"Successfully updated EXMSP: Price - 375.33, Trend - -1.01","timestamp":"2025-01-20T13:45:31.241Z"}
{"level":"info","message":"Successfully updated EXEMB: Price - 372.75, Trend - -0.77","timestamp":"2025-01-20T13:45:31.366Z"}
{"level":"info","message":"Successfully updated EXBRK: Price - 294.52, Trend - 1.74","timestamp":"2025-01-20T13:45:31.381Z"}
{"level":"info","message":"Successfully updated EXNXE: Price - 138.8, Trend - -0.5","timestamp":"2025-01-20T13:45:31.498Z"}
{"level":"info","message":"Fetching stock data from API...","timestamp":"2025-01-20T13:45:31.640Z"}
{"level":"info","message":"Successfully updated EXMSP: Price - 375.33, Trend - -1.01","timestamp":"2025-01-20T13:45:31.660Z"}
{"level":"info","message":"Updating stock data in Supabase...","timestamp":"2025-01-20T13:45:31.724Z"}
{"level":"info","message":"Successfully updated EXBRK: Price - 294.52, Trend - 1.74","timestamp":"2025-01-20T13:45:31.793Z"}
{"level":"info","message":"Successfully updated EXEMB: Price - 372.75, Trend - -0.77","timestamp":"2025-01-20T13:45:31.864Z"}
{"level":"info","message":"Successfully updated EXNXE: Price - 138.8, Trend - -0.5","timestamp":"2025-01-20T13:45:32.024Z"}
{"level":"info","message":"Fetching stock data from API...","timestamp":"2025-01-20T13:45:32.141Z"}
{"level":"info","message":"Successfully updated EXMSP: Price - 375.33, Trend - -1.01","timestamp":"2025-01-20T13:45:32.159Z"}
{"level":"info","message":"Updating stock data in Supabase...","timestamp":"2025-01-20T13:45:32.250Z"}
{"level":"info","message":"Successfully updated EXBRK: Price - 294.52, Trend - 1.74","timestamp":"2025-01-20T13:45:32.319Z"}
{"level":"info","message":"Successfully updated EXEMB: Price - 372.75, Trend - -0.77","timestamp":"2025-01-20T13:45:32.389Z"}
{"level":"info","message":"Successfully updated EXNXE: Price - 138.8, Trend - -0.5","timestamp":"2025-01-20T13:45:32.532Z"}
{"level":"info","message":"Fetching stock data from API...","timestamp":"2025-01-20T13:45:32.640Z"}
{"level":"info","message":"Successfully updated EXMSP: Price - 375.33, Trend - -1.01","timestamp":"2025-01-20T13:45:32.665Z"}
{"level":"info","message":"Updating stock data in Supabase...","timestamp":"2025-01-20T13:45:32.724Z"}
{"level":"info","message":"Fetching stock data from API...","timestamp":"2025-01-20T13:49:25.751Z"}
{"level":"info","message":"Fetching latest exchange rates...","timestamp":"2025-01-20T13:49:25.782Z"}
{"level":"info","message":"Updating stock data in Supabase...","timestamp":"2025-01-20T13:49:26.340Z"}
{"level":"error","message":"Error updating exchange rates: Failed to retrieve USD exchange rate","timestamp":"2025-01-20T13:49:26.760Z"}
{"level":"info","message":"Successfully updated EXEMB: Price - 372.75, Trend - -0.77","timestamp":"2025-01-20T13:49:27.193Z"}
{"level":"info","message":"Successfully updated EXNXE: Price - 138.8, Trend - -0.5","timestamp":"2025-01-20T13:49:27.351Z"}
{"level":"info","message":"Successfully updated EXMSP: Price - 375.33, Trend - -1.01","timestamp":"2025-01-20T13:49:27.494Z"}
{"level":"info","message":"Successfully updated EXBRK: Price - 294.52, Trend - 1.74","timestamp":"2025-01-20T13:49:27.633Z"}
{"level":"info","message":"Waiting for 1801 seconds before next fetch.","timestamp":"2025-01-20T13:49:27.633Z"}
{"level":"info","message":"Fetching latest exchange rates...","timestamp":"2025-01-20T13:49:32.623Z"}
{"level":"error","message":"Error updating exchange rates: Failed to retrieve USD exchange rate","timestamp":"2025-01-20T13:49:33.689Z"}
{"level":"info","message":"Fetching latest exchange rates...","timestamp":"2025-01-20T13:49:39.508Z"}
{"level":"error","message":"Error updating exchange rates: Failed to retrieve USD exchange rate","timestamp":"2025-01-20T13:49:40.021Z"}
{"level":"info","message":"Fetching latest exchange rates...","timestamp":"2025-01-20T13:49:45.815Z"}
{"level":"error","message":"Error updating exchange rates: Failed to retrieve USD exchange rate","timestamp":"2025-01-20T13:49:46.386Z"}
{"level":"info","message":"Fetching stock data from API...","timestamp":"2025-01-20T13:50:30.450Z"}
{"level":"info","message":"Fetching latest exchange rates...","timestamp":"2025-01-20T13:50:30.483Z"}
{"level":"info","message":"Updating stock data in Supabase...","timestamp":"2025-01-20T13:50:30.631Z"}
{"level":"error","message":"Error updating exchange rates: Failed to retrieve USD exchange rate","timestamp":"2025-01-20T13:50:31.216Z"}
{"level":"info","message":"Successfully updated EXEMB: Price - 372.75, Trend - -0.77","timestamp":"2025-01-20T13:50:31.249Z"}
{"level":"info","message":"Successfully updated EXNXE: Price - 138.8, Trend - -0.5","timestamp":"2025-01-20T13:50:31.417Z"}
{"level":"info","message":"Successfully updated EXMSP: Price - 375.33, Trend - -1.01","timestamp":"2025-01-20T13:50:31.561Z"}
{"level":"info","message":"Successfully updated EXBRK: Price - 294.52, Trend - 1.74","timestamp":"2025-01-20T13:50:31.702Z"}
{"level":"info","message":"Waiting for 1809 seconds before next fetch.","timestamp":"2025-01-20T13:50:31.703Z"}
{"level":"info","message":"Fetching stock data from API...","timestamp":"2025-01-20T13:50:50.647Z"}
{"level":"info","message":"Fetching latest exchange rates...","timestamp":"2025-01-20T13:50:50.676Z"}
{"level":"error","message":"Error updating exchange rates: Failed to retrieve USD exchange rate","timestamp":"2025-01-20T13:50:51.232Z"}
{"level":"info","message":"Updating stock data in Supabase...","timestamp":"2025-01-20T13:50:51.245Z"}
{"level":"info","message":"Successfully updated EXEMB: Price - 372.75, Trend - -0.77","timestamp":"2025-01-20T13:50:51.490Z"}
{"level":"info","message":"Successfully updated EXNXE: Price - 138.8, Trend - -0.5","timestamp":"2025-01-20T13:50:51.647Z"}
{"level":"info","message":"Successfully updated EXMSP: Price - 375.33, Trend - -1.01","timestamp":"2025-01-20T13:50:51.798Z"}
{"level":"info","message":"Successfully updated EXBRK: Price - 294.52, Trend - 1.74","timestamp":"2025-01-20T13:50:51.959Z"}
{"level":"info","message":"Waiting for 1819 seconds before next fetch.","timestamp":"2025-01-20T13:50:51.959Z"}
{"level":"info","message":"Fetching stock data from API...","timestamp":"2025-01-20T13:51:16.277Z"}
{"level":"info","message":"Fetching latest exchange rates...","timestamp":"2025-01-20T13:51:16.308Z"}
{"level":"info","message":"Updating stock data in Supabase...","timestamp":"2025-01-20T13:51:16.776Z"}
{"level":"info","message":"Exchange rate (INR to USD): 0.0115511406","timestamp":"2025-01-20T13:51:16.837Z"}
{"level":"info","message":"Successfully updated EXEMB: Price - 372.75, Trend - -0.77","timestamp":"2025-01-20T13:51:17.313Z"}
{"level":"info","message":"Successfully updated EXNXE: Price - 138.8, Trend - -0.5","timestamp":"2025-01-20T13:51:17.452Z"}
{"level":"info","message":"Successfully updated share prices in USD.","timestamp":"2025-01-20T13:51:17.466Z"}
{"level":"info","message":"Successfully updated EXMSP: Price - 375.33, Trend - -1.01","timestamp":"2025-01-20T13:51:17.599Z"}
{"level":"info","message":"Successfully updated EXBRK: Price - 294.52, Trend - 1.74","timestamp":"2025-01-20T13:51:17.734Z"}
{"level":"info","message":"Waiting for 1806 seconds before next fetch.","timestamp":"2025-01-20T13:51:17.734Z"}
{"level":"info","message":"Fetching latest exchange rates...","timestamp":"2025-01-20T13:51:22.468Z"}
{"level":"info","message":"Exchange rate (INR to USD): 0.0115511406","timestamp":"2025-01-20T13:51:23.151Z"}
{"level":"info","message":"Successfully updated share prices in USD.","timestamp":"2025-01-20T13:51:23.553Z"}
