{"level":"info","message":"Fetching stock data from API...","timestamp":"2025-01-20T07:32:24.307Z"}
{"level":"info","message":"Updating stock data in Supabase...","timestamp":"2025-01-20T07:32:25.212Z"}
{"level":"info","message":"Successfully updated EXEMB: Price - 371.7, Trend - -1.05","timestamp":"2025-01-20T07:32:26.005Z"}
{"level":"info","message":"Successfully updated EXNXE: Price - 139.26, Trend - -0.17","timestamp":"2025-01-20T07:32:26.226Z"}
{"level":"info","message":"Successfully updated EXMSP: Price - 383, Trend - 1.02","timestamp":"2025-01-20T07:32:26.398Z"}
{"level":"info","message":"Successfully updated EXBRK: Price - 295.53, Trend - 2.09","timestamp":"2025-01-20T07:32:26.520Z"}
{"level":"info","message":"Waiting for 67 seconds before next fetch.","timestamp":"2025-01-20T07:32:26.520Z"}
{"level":"info","message":"Fetching stock data from API...","timestamp":"2025-01-20T07:33:33.529Z"}
{"level":"info","message":"Updating stock data in Supabase...","timestamp":"2025-01-20T07:33:33.812Z"}
{"level":"info","message":"Successfully updated EXEMB: Price - 370.96, Trend - -1.25","timestamp":"2025-01-20T07:33:34.201Z"}
{"level":"info","message":"Successfully updated EXNXE: Price - 139.26, Trend - -0.17","timestamp":"2025-01-20T07:33:34.337Z"}
{"level":"info","message":"Successfully updated EXMSP: Price - 383.1, Trend - 1.04","timestamp":"2025-01-20T07:33:34.519Z"}
{"level":"info","message":"Successfully updated EXBRK: Price - 295.53, Trend - 2.09","timestamp":"2025-01-20T07:33:34.663Z"}
{"level":"info","message":"Waiting for 69 seconds before next fetch.","timestamp":"2025-01-20T07:33:34.663Z"}
{"level":"info","message":"Fetching stock data from API...","timestamp":"2025-01-20T07:34:43.675Z"}
{"level":"info","message":"Updating stock data in Supabase...","timestamp":"2025-01-20T07:34:43.944Z"}
{"level":"info","message":"Successfully updated EXEMB: Price - 371, Trend - -1.24","timestamp":"2025-01-20T07:34:44.642Z"}
{"level":"info","message":"Successfully updated EXNXE: Price - 139.26, Trend - -0.17","timestamp":"2025-01-20T07:34:44.852Z"}
{"level":"info","message":"Successfully updated EXMSP: Price - 383.1, Trend - 1.04","timestamp":"2025-01-20T07:34:45.067Z"}
{"level":"info","message":"Successfully updated EXBRK: Price - 295.53, Trend - 2.09","timestamp":"2025-01-20T07:34:45.195Z"}
{"level":"info","message":"Waiting for 59 seconds before next fetch.","timestamp":"2025-01-20T07:34:45.196Z"}
{"level":"info","message":"Fetching stock data from API...","timestamp":"2025-01-20T07:35:44.215Z"}
{"level":"info","message":"Updating stock data in Supabase...","timestamp":"2025-01-20T07:35:44.692Z"}
{"level":"info","message":"Successfully updated EXEMB: Price - 371.01, Trend - -1.24","timestamp":"2025-01-20T07:35:45.056Z"}
{"level":"info","message":"Successfully updated EXNXE: Price - 139.26, Trend - -0.17","timestamp":"2025-01-20T07:35:45.236Z"}
{"level":"info","message":"Successfully updated EXMSP: Price - 383.1, Trend - 1.04","timestamp":"2025-01-20T07:35:45.387Z"}
{"level":"info","message":"Successfully updated EXBRK: Price - 295.53, Trend - 2.09","timestamp":"2025-01-20T07:35:45.557Z"}
{"level":"info","message":"Waiting for 60 seconds before next fetch.","timestamp":"2025-01-20T07:35:45.557Z"}
{"level":"info","message":"Fetching stock data from API...","timestamp":"2025-01-20T07:36:45.578Z"}
{"level":"info","message":"Updating stock data in Supabase...","timestamp":"2025-01-20T07:36:45.844Z"}
{"level":"info","message":"Successfully updated EXEMB: Price - 371.46, Trend - -1.12","timestamp":"2025-01-20T07:36:46.481Z"}
{"level":"info","message":"Successfully updated EXNXE: Price - 139.26, Trend - -0.17","timestamp":"2025-01-20T07:36:46.637Z"}
{"level":"info","message":"Successfully updated EXMSP: Price - 383.1, Trend - 1.04","timestamp":"2025-01-20T07:36:46.764Z"}
{"level":"info","message":"Successfully updated EXBRK: Price - 295.45, Trend - 2.06","timestamp":"2025-01-20T07:36:46.895Z"}
{"level":"info","message":"Waiting for 55 seconds before next fetch.","timestamp":"2025-01-20T07:36:46.895Z"}
{"level":"info","message":"Fetching stock data from API...","timestamp":"2025-01-20T07:37:41.905Z"}
{"level":"info","message":"Updating stock data in Supabase...","timestamp":"2025-01-20T07:37:42.166Z"}
{"level":"info","message":"Successfully updated EXEMB: Price - 371.46, Trend - -1.12","timestamp":"2025-01-20T07:37:42.852Z"}
{"level":"info","message":"Successfully updated EXNXE: Price - 139.26, Trend - -0.17","timestamp":"2025-01-20T07:37:43.003Z"}
{"level":"info","message":"Successfully updated EXMSP: Price - 383.1, Trend - 1.04","timestamp":"2025-01-20T07:37:43.165Z"}
{"level":"info","message":"Successfully updated EXBRK: Price - 295.45, Trend - 2.06","timestamp":"2025-01-20T07:37:43.309Z"}
{"level":"info","message":"Waiting for 69 seconds before next fetch.","timestamp":"2025-01-20T07:37:43.309Z"}
{"level":"info","message":"Fetching stock data from API...","timestamp":"2025-01-20T07:38:52.338Z"}
{"level":"info","message":"Updating stock data in Supabase...","timestamp":"2025-01-20T07:38:52.683Z"}
{"level":"info","message":"Successfully updated EXEMB: Price - 371.85, Trend - -1.01","timestamp":"2025-01-20T07:38:53.376Z"}
{"level":"info","message":"Successfully updated EXNXE: Price - 139.26, Trend - -0.17","timestamp":"2025-01-20T07:38:53.521Z"}
{"level":"info","message":"Successfully updated EXMSP: Price - 383, Trend - 1.02","timestamp":"2025-01-20T07:38:53.646Z"}
{"level":"info","message":"Successfully updated EXBRK: Price - 295.45, Trend - 2.06","timestamp":"2025-01-20T07:38:53.772Z"}
{"level":"info","message":"Waiting for 50 seconds before next fetch.","timestamp":"2025-01-20T07:38:53.772Z"}
{"level":"info","message":"Fetching stock data from API...","timestamp":"2025-01-20T07:39:43.791Z"}
{"level":"info","message":"Updating stock data in Supabase...","timestamp":"2025-01-20T07:39:44.053Z"}
{"level":"info","message":"Successfully updated EXEMB: Price - 371.06, Trend - -1.22","timestamp":"2025-01-20T07:39:44.410Z"}
{"level":"error","message":"Error updating EXNXE: null value in column \"current_trend\" of relation \"shares\" violates not-null constraint","timestamp":"2025-01-20T07:39:44.548Z"}
{"level":"info","message":"Successfully updated EXMSP: Price - 383, Trend - 1.02","timestamp":"2025-01-20T07:39:44.699Z"}
{"level":"info","message":"Successfully updated EXBRK: Price - 295.45, Trend - 2.06","timestamp":"2025-01-20T07:39:44.846Z"}
{"level":"info","message":"Waiting for 65 seconds before next fetch.","timestamp":"2025-01-20T07:39:44.846Z"}
{"level":"info","message":"Fetching stock data from API...","timestamp":"2025-01-20T07:40:49.872Z"}
{"level":"info","message":"Updating stock data in Supabase...","timestamp":"2025-01-20T07:40:50.150Z"}
{"level":"info","message":"Successfully updated EXEMB: Price - 371.49, Trend - -1.11","timestamp":"2025-01-20T07:40:50.487Z"}
{"level":"info","message":"Successfully updated EXNXE: Price - 139.45, Trend - -0.04","timestamp":"2025-01-20T07:40:50.620Z"}
{"level":"info","message":"Successfully updated EXMSP: Price - 383.1, Trend - 1.04","timestamp":"2025-01-20T07:40:50.771Z"}
{"level":"info","message":"Successfully updated EXBRK: Price - 295.45, Trend - 2.06","timestamp":"2025-01-20T07:40:50.895Z"}
{"level":"info","message":"Waiting for 56 seconds before next fetch.","timestamp":"2025-01-20T07:40:50.895Z"}
{"level":"info","message":"Fetching stock data from API...","timestamp":"2025-01-20T07:41:46.903Z"}
{"level":"info","message":"Updating stock data in Supabase...","timestamp":"2025-01-20T07:41:47.183Z"}
{"level":"info","message":"Successfully updated EXEMB: Price - 371.1, Trend - -1.21","timestamp":"2025-01-20T07:41:47.538Z"}
{"level":"info","message":"Successfully updated EXNXE: Price - 139.46, Trend - -0.03","timestamp":"2025-01-20T07:41:47.666Z"}
{"level":"info","message":"Successfully updated EXMSP: Price - 383.1, Trend - 1.04","timestamp":"2025-01-20T07:41:47.795Z"}
{"level":"info","message":"Successfully updated EXBRK: Price - 296, Trend - 2.25","timestamp":"2025-01-20T07:41:47.940Z"}
{"level":"info","message":"Waiting for 68 seconds before next fetch.","timestamp":"2025-01-20T07:41:47.940Z"}
{"level":"info","message":"Fetching stock data from API...","timestamp":"2025-01-20T07:42:55.942Z"}
{"level":"info","message":"Updating stock data in Supabase...","timestamp":"2025-01-20T07:42:56.219Z"}
{"level":"info","message":"Successfully updated EXEMB: Price - 371.1, Trend - -1.21","timestamp":"2025-01-20T07:42:56.891Z"}
{"level":"info","message":"Successfully updated EXNXE: Price - 139.51, Trend - 0.01","timestamp":"2025-01-20T07:42:57.037Z"}
{"level":"info","message":"Successfully updated EXMSP: Price - 383.1, Trend - 1.04","timestamp":"2025-01-20T07:42:57.164Z"}
{"level":"info","message":"Successfully updated EXBRK: Price - 296, Trend - 2.25","timestamp":"2025-01-20T07:42:57.295Z"}
{"level":"info","message":"Waiting for 55 seconds before next fetch.","timestamp":"2025-01-20T07:42:57.295Z"}
{"level":"info","message":"Fetching stock data from API...","timestamp":"2025-01-20T07:43:52.322Z"}
{"level":"info","message":"Updating stock data in Supabase...","timestamp":"2025-01-20T07:43:52.629Z"}
{"level":"info","message":"Successfully updated EXEMB: Price - 371.14, Trend - -1.2","timestamp":"2025-01-20T07:43:52.952Z"}
{"level":"info","message":"Successfully updated EXNXE: Price - 139.46, Trend - -0.03","timestamp":"2025-01-20T07:43:53.102Z"}
{"level":"info","message":"Successfully updated EXMSP: Price - 383, Trend - 1.02","timestamp":"2025-01-20T07:43:53.239Z"}
{"level":"info","message":"Successfully updated EXBRK: Price - 295.45, Trend - 2.06","timestamp":"2025-01-20T07:43:53.395Z"}
{"level":"info","message":"Waiting for 50 seconds before next fetch.","timestamp":"2025-01-20T07:43:53.396Z"}
{"level":"info","message":"Fetching stock data from API...","timestamp":"2025-01-20T07:44:43.414Z"}
{"level":"info","message":"Updating stock data in Supabase...","timestamp":"2025-01-20T07:44:43.622Z"}
{"level":"info","message":"Successfully updated EXEMB: Price - 371.1, Trend - -1.21","timestamp":"2025-01-20T07:44:43.950Z"}
{"level":"info","message":"Successfully updated EXNXE: Price - 139.51, Trend - 0.01","timestamp":"2025-01-20T07:44:44.078Z"}
{"level":"info","message":"Successfully updated EXMSP: Price - 383.1, Trend - 1.04","timestamp":"2025-01-20T07:44:44.207Z"}
{"level":"info","message":"Successfully updated EXBRK: Price - 296, Trend - 2.25","timestamp":"2025-01-20T07:44:44.334Z"}
{"level":"info","message":"Waiting for 53 seconds before next fetch.","timestamp":"2025-01-20T07:44:44.334Z"}
{"level":"info","message":"Fetching stock data from API...","timestamp":"2025-01-20T07:45:37.346Z"}
{"level":"info","message":"Updating stock data in Supabase...","timestamp":"2025-01-20T07:45:37.572Z"}
{"level":"info","message":"Successfully updated EXEMB: Price - 371.14, Trend - -1.2","timestamp":"2025-01-20T07:45:37.909Z"}
{"level":"info","message":"Successfully updated EXNXE: Price - 139.46, Trend - -0.03","timestamp":"2025-01-20T07:45:38.049Z"}
{"level":"info","message":"Successfully updated EXMSP: Price - 383, Trend - 1.02","timestamp":"2025-01-20T07:45:38.191Z"}
{"level":"info","message":"Successfully updated EXBRK: Price - 295.45, Trend - 2.06","timestamp":"2025-01-20T07:45:38.335Z"}
{"level":"info","message":"Waiting for 57 seconds before next fetch.","timestamp":"2025-01-20T07:45:38.335Z"}
{"level":"info","message":"Fetching stock data from API...","timestamp":"2025-01-20T07:46:35.346Z"}
{"level":"info","message":"Updating stock data in Supabase...","timestamp":"2025-01-20T07:46:35.630Z"}
{"level":"info","message":"Successfully updated EXEMB: Price - 371.01, Trend - -1.24","timestamp":"2025-01-20T07:46:36.007Z"}
{"level":"info","message":"Successfully updated EXNXE: Price - 139.51, Trend - 0.01","timestamp":"2025-01-20T07:46:36.187Z"}
{"level":"info","message":"Successfully updated EXMSP: Price - 383.1, Trend - 1.04","timestamp":"2025-01-20T07:46:36.356Z"}
{"level":"info","message":"Successfully updated EXBRK: Price - 295.5, Trend - 2.08","timestamp":"2025-01-20T07:46:36.498Z"}
{"level":"info","message":"Waiting for 63 seconds before next fetch.","timestamp":"2025-01-20T07:46:36.499Z"}
{"level":"info","message":"Fetching stock data from API...","timestamp":"2025-01-20T07:47:39.509Z"}
{"level":"info","message":"Updating stock data in Supabase...","timestamp":"2025-01-20T07:47:39.798Z"}
{"level":"info","message":"Successfully updated EXEMB: Price - 371, Trend - -1.24","timestamp":"2025-01-20T07:47:40.358Z"}
{"level":"info","message":"Successfully updated EXNXE: Price - 139.86, Trend - 0.26","timestamp":"2025-01-20T07:47:40.533Z"}
{"level":"info","message":"Successfully updated EXMSP: Price - 383.1, Trend - 1.04","timestamp":"2025-01-20T07:47:40.693Z"}
{"level":"info","message":"Successfully updated EXBRK: Price - 295.5, Trend - 2.08","timestamp":"2025-01-20T07:47:40.849Z"}
{"level":"info","message":"Waiting for 54 seconds before next fetch.","timestamp":"2025-01-20T07:47:40.849Z"}
{"level":"info","message":"Fetching stock data from API...","timestamp":"2025-01-20T07:48:34.850Z"}
{"level":"info","message":"Updating stock data in Supabase...","timestamp":"2025-01-20T07:48:35.081Z"}
{"level":"info","message":"Successfully updated EXEMB: Price - 371, Trend - -1.24","timestamp":"2025-01-20T07:48:35.417Z"}
{"level":"info","message":"Successfully updated EXNXE: Price - 139.86, Trend - 0.26","timestamp":"2025-01-20T07:48:35.576Z"}
{"level":"info","message":"Successfully updated EXMSP: Price - 383.1, Trend - 1.04","timestamp":"2025-01-20T07:48:35.749Z"}
{"level":"info","message":"Successfully updated EXBRK: Price - 295.5, Trend - 2.08","timestamp":"2025-01-20T07:48:35.866Z"}
{"level":"info","message":"Waiting for 57 seconds before next fetch.","timestamp":"2025-01-20T07:48:35.866Z"}
{"level":"info","message":"Fetching stock data from API...","timestamp":"2025-01-20T07:49:32.873Z"}
{"level":"info","message":"Updating stock data in Supabase...","timestamp":"2025-01-20T07:49:33.168Z"}
{"level":"info","message":"Successfully updated EXEMB: Price - 371.01, Trend - -1.24","timestamp":"2025-01-20T07:49:33.503Z"}
{"level":"info","message":"Successfully updated EXNXE: Price - 139.91, Trend - 0.29","timestamp":"2025-01-20T07:49:33.652Z"}
{"level":"info","message":"Successfully updated EXMSP: Price - 383.1, Trend - 1.04","timestamp":"2025-01-20T07:49:33.803Z"}
{"level":"info","message":"Successfully updated EXBRK: Price - 295.3, Trend - 2.01","timestamp":"2025-01-20T07:49:33.932Z"}
{"level":"info","message":"Waiting for 68 seconds before next fetch.","timestamp":"2025-01-20T07:49:33.933Z"}
{"level":"info","message":"Fetching stock data from API...","timestamp":"2025-01-20T07:50:41.949Z"}
{"level":"info","message":"Updating stock data in Supabase...","timestamp":"2025-01-20T07:50:42.205Z"}
{"level":"info","message":"Successfully updated EXEMB: Price - 371, Trend - -1.24","timestamp":"2025-01-20T07:50:42.933Z"}
{"level":"info","message":"Successfully updated EXNXE: Price - 139.9, Trend - 0.29","timestamp":"2025-01-20T07:50:43.072Z"}
{"level":"info","message":"Successfully updated EXMSP: Price - 383, Trend - 1.02","timestamp":"2025-01-20T07:50:43.201Z"}
{"level":"info","message":"Successfully updated EXBRK: Price - 295.3, Trend - 2.01","timestamp":"2025-01-20T07:50:43.331Z"}
{"level":"info","message":"Waiting for 58 seconds before next fetch.","timestamp":"2025-01-20T07:50:43.331Z"}
{"level":"info","message":"Fetching stock data from API...","timestamp":"2025-01-20T07:51:41.347Z"}
{"level":"info","message":"Updating stock data in Supabase...","timestamp":"2025-01-20T07:51:41.586Z"}
{"level":"info","message":"Successfully updated EXEMB: Price - 371, Trend - -1.24","timestamp":"2025-01-20T07:51:41.917Z"}
{"level":"info","message":"Successfully updated EXNXE: Price - 139.9, Trend - 0.29","timestamp":"2025-01-20T07:51:42.048Z"}
{"level":"info","message":"Successfully updated EXMSP: Price - 383, Trend - 1.02","timestamp":"2025-01-20T07:51:42.176Z"}
{"level":"info","message":"Successfully updated EXBRK: Price - 295.3, Trend - 2.01","timestamp":"2025-01-20T07:51:42.299Z"}
{"level":"info","message":"Waiting for 54 seconds before next fetch.","timestamp":"2025-01-20T07:51:42.299Z"}
{"level":"info","message":"Fetching stock data from API...","timestamp":"2025-01-20T07:52:36.310Z"}
{"level":"info","message":"Updating stock data in Supabase...","timestamp":"2025-01-20T07:52:36.579Z"}
{"level":"info","message":"Successfully updated EXEMB: Price - 371, Trend - -1.24","timestamp":"2025-01-20T07:52:36.924Z"}
{"level":"info","message":"Successfully updated EXNXE: Price - 139.78, Trend - 0.2","timestamp":"2025-01-20T07:52:37.079Z"}
{"level":"info","message":"Successfully updated EXMSP: Price - 383, Trend - 1.02","timestamp":"2025-01-20T07:52:37.224Z"}
{"level":"info","message":"Successfully updated EXBRK: Price - 295.3, Trend - 2.01","timestamp":"2025-01-20T07:52:37.371Z"}
{"level":"info","message":"Waiting for 62 seconds before next fetch.","timestamp":"2025-01-20T07:52:37.371Z"}
{"level":"info","message":"Fetching stock data from API...","timestamp":"2025-01-20T07:53:39.386Z"}
{"level":"info","message":"Updating stock data in Supabase...","timestamp":"2025-01-20T07:53:39.642Z"}
{"level":"info","message":"Successfully updated EXEMB: Price - 371, Trend - -1.24","timestamp":"2025-01-20T07:53:39.979Z"}
{"level":"info","message":"Successfully updated EXNXE: Price - 139.8, Trend - 0.22","timestamp":"2025-01-20T07:53:40.121Z"}
{"level":"info","message":"Successfully updated EXMSP: Price - 383, Trend - 1.02","timestamp":"2025-01-20T07:53:40.287Z"}
{"level":"info","message":"Successfully updated EXBRK: Price - 295.3, Trend - 2.01","timestamp":"2025-01-20T07:53:40.416Z"}
{"level":"info","message":"Waiting for 56 seconds before next fetch.","timestamp":"2025-01-20T07:53:40.417Z"}
{"level":"info","message":"Fetching stock data from API...","timestamp":"2025-01-20T07:54:36.426Z"}
{"level":"info","message":"Updating stock data in Supabase...","timestamp":"2025-01-20T07:54:36.720Z"}
{"level":"info","message":"Successfully updated EXEMB: Price - 371.01, Trend - -1.24","timestamp":"2025-01-20T07:54:37.357Z"}
{"level":"info","message":"Successfully updated EXNXE: Price - 139.8, Trend - 0.22","timestamp":"2025-01-20T07:54:37.479Z"}
{"level":"info","message":"Successfully updated EXMSP: Price - 383.1, Trend - 1.04","timestamp":"2025-01-20T07:54:37.611Z"}
{"level":"info","message":"Successfully updated EXBRK: Price - 295.3, Trend - 2.01","timestamp":"2025-01-20T07:54:37.745Z"}
{"level":"info","message":"Waiting for 64 seconds before next fetch.","timestamp":"2025-01-20T07:54:37.745Z"}
{"level":"info","message":"Fetching stock data from API...","timestamp":"2025-01-20T07:55:41.762Z"}
{"level":"info","message":"Updating stock data in Supabase...","timestamp":"2025-01-20T07:55:42.126Z"}
{"level":"info","message":"Successfully updated EXEMB: Price - 371, Trend - -1.24","timestamp":"2025-01-20T07:55:42.658Z"}
{"level":"info","message":"Successfully updated EXNXE: Price - 139.86, Trend - 0.26","timestamp":"2025-01-20T07:55:42.795Z"}
{"level":"info","message":"Successfully updated EXMSP: Price - 383, Trend - 1.02","timestamp":"2025-01-20T07:55:42.921Z"}
{"level":"info","message":"Successfully updated EXBRK: Price - 295.3, Trend - 2.01","timestamp":"2025-01-20T07:55:43.051Z"}
{"level":"info","message":"Waiting for 56 seconds before next fetch.","timestamp":"2025-01-20T07:55:43.051Z"}
{"level":"info","message":"Fetching stock data from API...","timestamp":"2025-01-20T07:56:39.065Z"}
{"level":"info","message":"Updating stock data in Supabase...","timestamp":"2025-01-20T07:56:39.324Z"}
{"level":"info","message":"Successfully updated EXEMB: Price - 371.01, Trend - -1.24","timestamp":"2025-01-20T07:56:39.985Z"}
{"level":"info","message":"Successfully updated EXNXE: Price - 139.88, Trend - 0.27","timestamp":"2025-01-20T07:56:40.118Z"}
{"level":"info","message":"Successfully updated EXMSP: Price - 383.1, Trend - 1.04","timestamp":"2025-01-20T07:56:40.289Z"}
{"level":"info","message":"Successfully updated EXBRK: Price - 295.3, Trend - 2.01","timestamp":"2025-01-20T07:56:40.427Z"}
{"level":"info","message":"Waiting for 59 seconds before next fetch.","timestamp":"2025-01-20T07:56:40.427Z"}
{"level":"info","message":"Fetching stock data from API...","timestamp":"2025-01-20T07:57:39.436Z"}
{"level":"info","message":"Updating stock data in Supabase...","timestamp":"2025-01-20T07:57:39.709Z"}
{"level":"info","message":"Successfully updated EXEMB: Price - 371.01, Trend - -1.24","timestamp":"2025-01-20T07:57:40.036Z"}
{"level":"info","message":"Successfully updated EXNXE: Price - 139.88, Trend - 0.27","timestamp":"2025-01-20T07:57:40.172Z"}
{"level":"info","message":"Successfully updated EXMSP: Price - 383.1, Trend - 1.04","timestamp":"2025-01-20T07:57:40.298Z"}
{"level":"info","message":"Successfully updated EXBRK: Price - 295.4, Trend - 2.04","timestamp":"2025-01-20T07:57:40.436Z"}
{"level":"info","message":"Waiting for 62 seconds before next fetch.","timestamp":"2025-01-20T07:57:40.436Z"}
{"level":"info","message":"Fetching stock data from API...","timestamp":"2025-01-20T08:05:56.775Z"}
{"level":"info","message":"Updating stock data in Supabase...","timestamp":"2025-01-20T08:05:57.073Z"}
{"level":"info","message":"Successfully updated EXEMB: Price - 371.5, Trend - -1.1","timestamp":"2025-01-20T08:05:58.048Z"}
{"level":"info","message":"Successfully updated EXNXE: Price - 139.9, Trend - 0.29","timestamp":"2025-01-20T08:05:58.179Z"}
{"level":"info","message":"Successfully updated EXMSP: Price - 382.99, Trend - 1.01","timestamp":"2025-01-20T08:05:58.309Z"}
{"level":"info","message":"Successfully updated EXBRK: Price - 295.95, Trend - 2.23","timestamp":"2025-01-20T08:05:58.449Z"}
{"level":"info","message":"Waiting for 56 seconds before next fetch.","timestamp":"2025-01-20T08:05:58.449Z"}
{"level":"info","message":"Fetching stock data from API...","timestamp":"2025-01-20T08:06:54.477Z"}
{"level":"info","message":"Updating stock data in Supabase...","timestamp":"2025-01-20T08:06:54.766Z"}
{"level":"info","message":"Successfully updated EXEMB: Price - 371.5, Trend - -1.1","timestamp":"2025-01-20T08:06:55.278Z"}
{"level":"info","message":"Successfully updated EXNXE: Price - 139.9, Trend - 0.29","timestamp":"2025-01-20T08:06:55.416Z"}
{"level":"info","message":"Successfully updated EXMSP: Price - 382.99, Trend - 1.01","timestamp":"2025-01-20T08:06:55.543Z"}
{"level":"info","message":"Successfully updated EXBRK: Price - 295.95, Trend - 2.23","timestamp":"2025-01-20T08:06:55.709Z"}
{"level":"info","message":"Waiting for 54 seconds before next fetch.","timestamp":"2025-01-20T08:06:55.709Z"}
{"level":"info","message":"Fetching stock data from API...","timestamp":"2025-01-20T08:07:49.722Z"}
{"level":"info","message":"Updating stock data in Supabase...","timestamp":"2025-01-20T08:07:49.997Z"}
{"level":"info","message":"Successfully updated EXEMB: Price - 371.5, Trend - -1.1","timestamp":"2025-01-20T08:07:50.508Z"}
{"level":"info","message":"Successfully updated EXNXE: Price - 139.9, Trend - 0.29","timestamp":"2025-01-20T08:07:50.637Z"}
{"level":"info","message":"Successfully updated EXMSP: Price - 382.4, Trend - 0.86","timestamp":"2025-01-20T08:07:50.763Z"}
{"level":"info","message":"Successfully updated EXBRK: Price - 295.95, Trend - 2.23","timestamp":"2025-01-20T08:07:50.882Z"}
{"level":"info","message":"Waiting for 70 seconds before next fetch.","timestamp":"2025-01-20T08:07:50.883Z"}
{"level":"info","message":"Fetching stock data from API...","timestamp":"2025-01-20T08:09:00.883Z"}
{"level":"info","message":"Updating stock data in Supabase...","timestamp":"2025-01-20T08:09:01.113Z"}
{"level":"info","message":"Successfully updated EXEMB: Price - 371.5, Trend - -1.1","timestamp":"2025-01-20T08:09:01.485Z"}
{"level":"info","message":"Successfully updated EXNXE: Price - 139.9, Trend - 0.29","timestamp":"2025-01-20T08:09:01.627Z"}
{"level":"info","message":"Successfully updated EXMSP: Price - 382.4, Trend - 0.86","timestamp":"2025-01-20T08:09:01.774Z"}
{"level":"info","message":"Successfully updated EXBRK: Price - 295.95, Trend - 2.23","timestamp":"2025-01-20T08:09:01.909Z"}
{"level":"info","message":"Waiting for 51 seconds before next fetch.","timestamp":"2025-01-20T08:09:01.909Z"}
{"level":"info","message":"Fetching stock data from API...","timestamp":"2025-01-20T08:09:52.919Z"}
{"level":"info","message":"Updating stock data in Supabase...","timestamp":"2025-01-20T08:09:53.228Z"}
{"level":"info","message":"Successfully updated EXEMB: Price - 371.75, Trend - -1.04","timestamp":"2025-01-20T08:09:53.956Z"}
{"level":"info","message":"Successfully updated EXNXE: Price - 138.36, Trend - -0.82","timestamp":"2025-01-20T08:09:54.101Z"}
{"level":"info","message":"Successfully updated EXMSP: Price - 382.4, Trend - 0.86","timestamp":"2025-01-20T08:09:54.306Z"}
{"level":"info","message":"Successfully updated EXBRK: Price - 295.95, Trend - 2.23","timestamp":"2025-01-20T08:09:54.451Z"}
{"level":"info","message":"Waiting for 56 seconds before next fetch.","timestamp":"2025-01-20T08:09:54.451Z"}
